nohup: ignoring input
Server running on http://localhost:3000
error: duplicate key value violates unique constraint "profiles_username_key"
    at /home/project/mixstudio/server/node_modules/pg-pool/index.js:45:11
    at process.processTicksAndRejections (node:internal/process/task_queues:105:5)
    at async file:///home/project/mixstudio/server/index.js:84:25 {
  length: 535,
  severity: 'ERROR',
  code: '23505',
  detail: 'Key (username)=(Admin User) already exists.',
  hint: undefined,
  position: undefined,
  internalPosition: undefined,
  internalQuery: undefined,
  where: 'SQL statement "insert into public.profiles (id, username, avatar_url, referral_code)\n' +
    '  values (\n' +
    '    new.id,\n' +
    '    new.full_name,\n' +
    '    new.avatar_url,\n' +
    "    'USER-' || upper(substring(new.id::text from 1 for 6)) -- Generate a simple default referral code\n" +
    '  )"\n' +
    'PL/pgSQL function handle_new_user() line 3 at SQL statement',
  schema: 'public',
  table: 'profiles',
  column: undefined,
  dataType: undefined,
  constraint: 'profiles_username_key',
  file: 'nbtinsert.c',
  line: '666',
  routine: '_bt_check_unique'
}
error: duplicate key value violates unique constraint "profiles_username_key"
    at /home/project/mixstudio/server/node_modules/pg-pool/index.js:45:11
    at process.processTicksAndRejections (node:internal/process/task_queues:105:5)
    at async file:///home/project/mixstudio/server/index.js:84:25 {
  length: 535,
  severity: 'ERROR',
  code: '23505',
  detail: 'Key (username)=(Admin User) already exists.',
  hint: undefined,
  position: undefined,
  internalPosition: undefined,
  internalQuery: undefined,
  where: 'SQL statement "insert into public.profiles (id, username, avatar_url, referral_code)\n' +
    '  values (\n' +
    '    new.id,\n' +
    '    new.full_name,\n' +
    '    new.avatar_url,\n' +
    "    'USER-' || upper(substring(new.id::text from 1 for 6)) -- Generate a simple default referral code\n" +
    '  )"\n' +
    'PL/pgSQL function handle_new_user() line 3 at SQL statement',
  schema: 'public',
  table: 'profiles',
  column: undefined,
  dataType: undefined,
  constraint: 'profiles_username_key',
  file: 'nbtinsert.c',
  line: '666',
  routine: '_bt_check_unique'
}
error: duplicate key value violates unique constraint "profiles_username_key"
    at /home/project/mixstudio/server/node_modules/pg-pool/index.js:45:11
    at process.processTicksAndRejections (node:internal/process/task_queues:105:5)
    at async file:///home/project/mixstudio/server/index.js:84:25 {
  length: 535,
  severity: 'ERROR',
  code: '23505',
  detail: 'Key (username)=(Admin User) already exists.',
  hint: undefined,
  position: undefined,
  internalPosition: undefined,
  internalQuery: undefined,
  where: 'SQL statement "insert into public.profiles (id, username, avatar_url, referral_code)\n' +
    '  values (\n' +
    '    new.id,\n' +
    '    new.full_name,\n' +
    '    new.avatar_url,\n' +
    "    'USER-' || upper(substring(new.id::text from 1 for 6)) -- Generate a simple default referral code\n" +
    '  )"\n' +
    'PL/pgSQL function handle_new_user() line 3 at SQL statement',
  schema: 'public',
  table: 'profiles',
  column: undefined,
  dataType: undefined,
  constraint: 'profiles_username_key',
  file: 'nbtinsert.c',
  line: '666',
  routine: '_bt_check_unique'
}
Error: ENAMETOOLONG: name too long, open '/home/project/mixstudio/server/uploads/1769969848525-40123852-脿鹿聙脿赂聜脿赂虏脿鹿聞脿赂隆脿鹿聢脿赂拢脿赂卤脿赂聛脿赂颅脿赂垄脿鹿聢脿赂虏脿鹿聙脿赂陋脿赂路脿赂颅脿赂聛 (脿赂隆脿赂虏脿鹿聙脿赂陋脿赂路脿赂颅脿赂聛脿鹿聛脿赂職脿赂職脿鹿聙脿赂篓脿赂拢脿鹿聣脿赂虏脿赂聛脿赂卤脿赂職脿鹿聙脿赂拢脿赂虏脿赂聶脿赂掳) - Love&Rock .flac'
Error: ENAMETOOLONG: name too long, open '/home/project/mixstudio/server/uploads/1769969855551-387610532-脿鹿聙脿赂聜脿赂虏脿鹿聞脿赂隆脿鹿聢脿赂拢脿赂卤脿赂聛脿赂颅脿赂垄脿鹿聢脿赂虏脿鹿聙脿赂陋脿赂路脿赂颅脿赂聛 (脿赂隆脿赂虏脿鹿聙脿赂陋脿赂路脿赂颅脿赂聛脿鹿聛脿赂職脿赂職脿鹿聙脿赂篓脿赂拢脿鹿聣脿赂虏脿赂聛脿赂卤脿赂職脿鹿聙脿赂拢脿赂虏脿赂聶脿赂掳) - Love&Rock .flac'
Error: ENAMETOOLONG: name too long, open '/home/project/mixstudio/server/uploads/1769969957718-650957204-脿鹿聙脿赂聜脿赂虏脿鹿聞脿赂隆脿鹿聢脿赂拢脿赂卤脿赂聛脿赂颅脿赂垄脿鹿聢脿赂虏脿鹿聙脿赂陋脿赂路脿赂颅脿赂聛 (脿赂隆脿赂虏脿鹿聙脿赂陋脿赂路脿赂颅脿赂聛脿鹿聛脿赂職脿赂職脿鹿聙脿赂篓脿赂拢脿鹿聣脿赂虏脿赂聛脿赂卤脿赂職脿鹿聙脿赂拢脿赂虏脿赂聶脿赂掳) - Love&Rock .flac'
error: duplicate key value violates unique constraint "profiles_username_key"
    at /home/project/mixstudio/server/node_modules/pg-pool/index.js:45:11
    at process.processTicksAndRejections (node:internal/process/task_queues:105:5)
    at async file:///home/project/mixstudio/server/index.js:84:25 {
  length: 539,
  severity: 'ERROR',
  code: '23505',
  detail: 'Key (username)=(Test Candidate) already exists.',
  hint: undefined,
  position: undefined,
  internalPosition: undefined,
  internalQuery: undefined,
  where: 'SQL statement "insert into public.profiles (id, username, avatar_url, referral_code)\n' +
    '  values (\n' +
    '    new.id,\n' +
    '    new.full_name,\n' +
    '    new.avatar_url,\n' +
    "    'USER-' || upper(substring(new.id::text from 1 for 6)) -- Generate a simple default referral code\n" +
    '  )"\n' +
    'PL/pgSQL function handle_new_user() line 3 at SQL statement',
  schema: 'public',
  table: 'profiles',
  column: undefined,
  dataType: undefined,
  constraint: 'profiles_username_key',
  file: 'nbtinsert.c',
  line: '666',
  routine: '_bt_check_unique'
}
Error: ENAMETOOLONG: name too long, open '/home/project/mixstudio/server/uploads/1769970237104-316913895-脿鹿聛脿赂聞脿鹿聢脿赂聶脿赂碌脿鹿聣脿赂聛脿鹿聡脿赂聻脿赂颅 脿赂職脿赂虏脿赂聡脿赂聴脿赂碌脿鹿聢脿赂聞脿赂聶脿鹿聙脿赂拢脿赂虏脿赂聛脿鹿聡脿鹿聞脿赂隆脿鹿聢脿鹿聞脿赂聰脿鹿聣脿赂聲脿鹿聣脿赂颅脿赂聡脿赂聛脿赂虏脿赂拢脿赂颅脿赂掳脿鹿聞脿赂拢脿赂隆脿赂虏脿赂聛脿鹿聞脿赂聸脿赂聛脿赂搂脿鹿聢脿赂虏脿赂聶脿赂碌脿鹿聣 - Love&Rock.flac'
Error: ENAMETOOLONG: name too long, open '/home/project/mixstudio/server/uploads/1769970244675-663139746-脿鹿聛脿赂聞脿鹿聢脿赂聶脿赂碌脿鹿聣脿赂聛脿鹿聡脿赂聻脿赂颅 脿赂職脿赂虏脿赂聡脿赂聴脿赂碌脿鹿聢脿赂聞脿赂聶脿鹿聙脿赂拢脿赂虏脿赂聛脿鹿聡脿鹿聞脿赂隆脿鹿聢脿鹿聞脿赂聰脿鹿聣脿赂聲脿鹿聣脿赂颅脿赂聡脿赂聛脿赂虏脿赂拢脿赂颅脿赂掳脿鹿聞脿赂拢脿赂隆脿赂虏脿赂聛脿鹿聞脿赂聸脿赂聛脿赂搂脿鹿聢脿赂虏脿赂聶脿赂碌脿鹿聣 - Love&Rock.flac'
